<?xml version="1.0" encoding="UTF-8"?>
<!-- Generated by org.testng.reporters.JUnitXMLReporter -->
<testsuite ignored="0" hostname="LTIN588236" failures="0" tests="10" name="Default test" time="0.07" errors="0" timestamp="2025-06-18T22:29:22 IST">
  <testcase classname="selenium.FirstCase" name="@BeforeClass setup" time="-1.750265962655E9">
    <failure type="org.testng.TestNGException" message="
Parameter &amp;apos;browser&amp;apos; is required by BeforeClass on method setup but has not been marked @Optional or defined
in C:\Users\2408738\AppData\Local\Temp\testng-eclipse--1314023584\testng-customsuite.xml">
      <![CDATA[org.testng.TestNGException: 
Parameter 'browser' is required by BeforeClass on method setup but has not been marked @Optional or defined
in C:\Users\2408738\AppData\Local\Temp\testng-eclipse--1314023584\testng-customsuite.xml
at org.testng.internal.Parameters.createParams(Parameters.java:264)
at org.testng.internal.Parameters.createParametersForMethod(Parameters.java:352)
at org.testng.internal.Parameters.createParameters(Parameters.java:690)
at org.testng.internal.Parameters.createConfigurationParameters(Parameters.java:163)
at org.testng.internal.invokers.ConfigInvoker.invokeConfigurations(ConfigInvoker.java:313)
at org.testng.internal.invokers.TestMethodWorker.invokeBeforeClassMethods(TestMethodWorker.java:188)
at org.testng.internal.invokers.TestMethodWorker.run(TestMethodWorker.java:128)
at java.base/java.util.ArrayList.forEach(ArrayList.java:1596)
at org.testng.TestRunner.privateRun(TestRunner.java:741)
at org.testng.TestRunner.run(TestRunner.java:616)
at org.testng.SuiteRunner.runTest(SuiteRunner.java:421)
at org.testng.SuiteRunner.runSequentially(SuiteRunner.java:413)
at org.testng.SuiteRunner.privateRun(SuiteRunner.java:373)
at org.testng.SuiteRunner.run(SuiteRunner.java:312)
at org.testng.SuiteRunnerWorker.runSuite(SuiteRunnerWorker.java:52)
at org.testng.SuiteRunnerWorker.run(SuiteRunnerWorker.java:95)
at org.testng.TestNG.runSuitesSequentially(TestNG.java:1274)
at org.testng.TestNG.runSuitesLocally(TestNG.java:1208)
at org.testng.TestNG.runSuites(TestNG.java:1112)
at org.testng.TestNG.run(TestNG.java:1079)
at org.testng.remote.AbstractRemoteTestNG.run(AbstractRemoteTestNG.java:115)
at org.testng.remote.RemoteTestNG.initAndRun(RemoteTestNG.java:293)
at org.testng.remote.RemoteTestNG.main(RemoteTestNG.java:91)
]]>
    </failure>
  </testcase> <!-- @BeforeClass setup -->
  <testcase classname="selenium.FirstCase" name="@AfterClass closeBrowser" time="0.0">
    <skipped/>
  </testcase> <!-- @AfterClass closeBrowser -->
  <testcase classname="selenium.FirstCase" name="enterURL" time="0.0">
    <skipped/>
  </testcase> <!-- enterURL -->
  <testcase classname="selenium.FirstCase" name="clickCreateAccountLink" time="0.0">
    <skipped/>
  </testcase> <!-- clickCreateAccountLink -->
  <testcase classname="selenium.FirstCase" name="validateCreateAccountPage" time="0.0">
    <skipped/>
  </testcase> <!-- validateCreateAccountPage -->
  <testcase classname="selenium.FirstCase" name="countAndPrintAllLinks" time="0.0">
    <skipped/>
  </testcase> <!-- countAndPrintAllLinks -->
  <testcase classname="selenium.FirstCase" name="clickTermsAndConditionsLink" time="0.0">
    <skipped/>
  </testcase> <!-- clickTermsAndConditionsLink -->
  <testcase classname="selenium.FirstCase" name="validateChildWindowOpened" time="0.0">
    <skipped/>
  </testcase> <!-- validateChildWindowOpened -->
  <testcase classname="selenium.FirstCase" name="switchToChildWindow" time="0.0">
    <skipped/>
  </testcase> <!-- switchToChildWindow -->
  <testcase classname="selenium.FirstCase" name="getChildWindowTitle" time="0.0">
    <skipped/>
  </testcase> <!-- getChildWindowTitle -->
  <testcase classname="selenium.FirstCase" name="closeChildWindow" time="0.0">
    <skipped/>
  </testcase> <!-- closeChildWindow -->
  <testcase classname="selenium.FirstCase" name="switchToParentWindow" time="0.0">
    <skipped/>
  </testcase> <!-- switchToParentWindow -->
</testsuite> <!-- Default test -->
